0 info it worked if it ends with ok
1 verbose cli [ '/home/anthony/.nvm/versions/node/v4.2.4/bin/node',
1 verbose cli   '/home/anthony/.nvm/versions/node/v4.2.4/bin/npm',
1 verbose cli   'run',
1 verbose cli   'start' ]
2 info using npm@3.10.3
3 info using node@v4.2.4
4 verbose run-script [ 'prestart', 'start', 'poststart' ]
5 info lifecycle my-untangled-project@1.0.0~prestart: my-untangled-project@1.0.0
6 silly lifecycle my-untangled-project@1.0.0~prestart: no script for prestart, continuing
7 info lifecycle my-untangled-project@1.0.0~start: my-untangled-project@1.0.0
8 verbose lifecycle my-untangled-project@1.0.0~start: unsafe-perm in lifecycle true
9 verbose lifecycle my-untangled-project@1.0.0~start: PATH: /home/anthony/.nvm/versions/node/v4.2.4/lib/node_modules/npm/bin/node-gyp-bin:/home/anthony/code/untangled-start/src/node_modules/.bin:/home/anthony/.nvm/versions/node/v4.2.4/bin:/home/anthony/bin:/home/anthony/.gvm/pkgsets/go1.5/monkey/bin:/home/anthony/.gvm/pkgsets/go1.5/monkey/overlay/bin:/home/anthony/code/go/bin:/home/anthony/.gvm/pkgsets/go1.5/global/bin:/home/anthony/.gvm/gos/go1.5/bin:/home/anthony/.gvm/pkgsets/go1.5/global/overlay/bin:/home/anthony/.gvm/bin:/home/anthony/.gvm/bin:/home/anthony/.nvm/versions/node/v4.2.4/bin:/home/anthony/bin/allegiant:/home/anthony/bin:/home/anthony/src/go/bin:/home/anthony/code/go/bin:/home/anthony/bin/allegiant:/home/anthony/bin:/home/anthony/src/go/bin:/home/anthony/bin:/usr/local/sbin:/usr/local/bin:/usr/sbin:/usr/bin:/sbin:/bin:/usr/games:/usr/local/games:/snap/bin:/snap/bin
10 verbose lifecycle my-untangled-project@1.0.0~start: CWD: /home/anthony/code/untangled-start/src
11 silly lifecycle my-untangled-project@1.0.0~start: Args: [ '-c', 'node server.js' ]
12 silly lifecycle my-untangled-project@1.0.0~start: Returned: code: 1  signal: null
13 info lifecycle my-untangled-project@1.0.0~start: Failed to exec start script
14 verbose stack Error: my-untangled-project@1.0.0 start: `node server.js`
14 verbose stack Exit status 1
14 verbose stack     at EventEmitter.<anonymous> (/home/anthony/.nvm/versions/node/v4.2.4/lib/node_modules/npm/lib/utils/lifecycle.js:242:16)
14 verbose stack     at emitTwo (events.js:87:13)
14 verbose stack     at EventEmitter.emit (events.js:172:7)
14 verbose stack     at ChildProcess.<anonymous> (/home/anthony/.nvm/versions/node/v4.2.4/lib/node_modules/npm/lib/utils/spawn.js:40:14)
14 verbose stack     at emitTwo (events.js:87:13)
14 verbose stack     at ChildProcess.emit (events.js:172:7)
14 verbose stack     at maybeClose (internal/child_process.js:818:16)
14 verbose stack     at Process.ChildProcess._handle.onexit (internal/child_process.js:211:5)
15 verbose pkgid my-untangled-project@1.0.0
16 verbose cwd /home/anthony/code/untangled-start/src
17 error Linux 4.4.0-28-generic
18 error argv "/home/anthony/.nvm/versions/node/v4.2.4/bin/node" "/home/anthony/.nvm/versions/node/v4.2.4/bin/npm" "run" "start"
19 error node v4.2.4
20 error npm  v3.10.3
21 error code ELIFECYCLE
22 error my-untangled-project@1.0.0 start: `node server.js`
22 error Exit status 1
23 error Failed at the my-untangled-project@1.0.0 start script 'node server.js'.
23 error Make sure you have the latest version of node.js and npm installed.
23 error If you do, this is most likely a problem with the my-untangled-project package,
23 error not with npm itself.
23 error Tell the author that this fails on your system:
23 error     node server.js
23 error You can get information on how to open an issue for this project with:
23 error     npm bugs my-untangled-project
23 error Or if that isn't available, you can get their info via:
23 error     npm owner ls my-untangled-project
23 error There is likely additional logging output above.
24 verbose exit [ 1, true ]
